{"C:\\Users\\konst\\seage\\boil\\src\\common\\components\\atoms\\Icon.tsx": {"path":"C:\\Users\\konst\\seage\\boil\\src\\common\\components\\atoms\\Icon.tsx","statementMap":{"0":{"start":{"line":1,"column":0},"end":{"line":1,"column":30}},"1":{"start":{"line":2,"column":0},"end":{"line":2,"column":43}},"2":{"start":{"line":3,"column":0},"end":{"line":3,"column":55}},"3":{"start":{"line":22,"column":62},"end":{"line":22,"column":72}},"4":{"start":{"line":23,"column":20},"end":{"line":23,"column":39}},"5":{"start":{"line":24,"column":4},"end":{"line":28,"column":6}},"6":{"start":{"line":15,"column":16},"end":{"line":20,"column":4}},"7":{"start":{"line":14,"column":0},"end":{"line":30,"column":1}},"8":{"start":{"line":32,"column":19},"end":{"line":43,"column":1}},"9":{"start":{"line":33,"column":40},"end":{"line":42,"column":3}}},"fnMap":{"0":{"name":"(anonymous_0)","decl":{"start":{"line":21,"column":9},"end":{"line":21,"column":14}},"loc":{"start":{"line":21,"column":15},"end":{"line":29,"column":3}}},"1":{"name":"(anonymous_1)","decl":{"start":{"line":33,"column":2},"end":{"line":33,"column":3}},"loc":{"start":{"line":33,"column":40},"end":{"line":42,"column":3}}}},"branchMap":{},"s":{"0":1,"1":1,"2":1,"3":1,"4":1,"5":1,"6":1,"7":1,"8":1,"9":0},"f":{"0":1,"1":0},"b":{}}
}
